<?xml version="1.0" encoding="UTF-8"?>
<!-- Generated by org.testng.reporters.JUnitReportReporter -->
<testsuite hostname="DESKTOP-7T3TIR2" failures="0" tests="2" name="coverFoxTest.TC12345_CoverFox_ValidateErrorMsgs" time="30.544" errors="0" timestamp="2024-10-14T12:11:48 IST" skipped="0">
  <testcase classname="coverFoxTest.TC12345_CoverFox_ValidateErrorMsgs" name="validatePincodeErrMsg" time="15.265">
    <system-out>
      <![CDATA[Entering MobileNumber
Clicking on Continue Button  ]]>
    </system-out>
  </testcase> <!-- validatePincodeErrMsg -->
  <testcase classname="coverFoxTest.TC12345_CoverFox_ValidateErrorMsgs" name="validateMobileNumErrMsg" time="15.279">
    <system-out>
      <![CDATA[Entering PinCode
Clicking on Continue Button  ]]>
    </system-out>
  </testcase> <!-- validateMobileNumErrMsg -->
  <system-out>
    <![CDATA[Launching Browser
Waiting..
Clicking on Gender Button 
Clicking on Next Button HealthPlanPage 
Handling Age DropDown..
Clicking on Next Button MemberDetails_Page 
Entering MobileNumber
Clicking on Continue Button  
Closing Browser..
Launching Browser
Waiting..
Clicking on Gender Button 
Clicking on Next Button HealthPlanPage 
Handling Age DropDown..
Clicking on Next Button MemberDetails_Page 
Entering PinCode
Clicking on Continue Button  
Closing Browser..]]>
  </system-out>
</testsuite> <!-- coverFoxTest.TC12345_CoverFox_ValidateErrorMsgs -->
