<?xml version="1.0" encoding="UTF-8"?>
<!-- Generated by org.testng.reporters.JUnitReportReporter -->
<testsuite hostname="DESKTOP-7T3TIR2" failures="0" tests="1" name="coverFoxTest.TC_123_CoverFOX_ValidateLOgo" time="0.279" errors="0" timestamp="2024-10-09T16:48:00 IST" skipped="0">
  <testcase classname="coverFoxTest.TC_123_CoverFOX_ValidateLOgo" name="f" time="0.279">
    <system-out>
      <![CDATA[Logo Is Displayed
Tc is Passed]]>
    </system-out>
  </testcase> <!-- f -->
  <system-out>
    <![CDATA[Launching Browser
Waiting..
Logo Is Displayed
Tc is Passed]]>
  </system-out>
</testsuite> <!-- coverFoxTest.TC_123_CoverFOX_ValidateLOgo -->
